New log file opened at Sun Mar 13 16:17:48 GMT 2016 by 4484@markspc
jvm 4484@markspc
jvm vmName=Java HotSpot(TM) 64-Bit Server VM vmVendor=Oracle Corporation vmVersion=25.60-b23
jvm specName=Java Virtual Machine Specification specVendor=Oracle Corporation specVersion=1.8
jvm arguments: [-Xms256m, -Xmx1024m, -XX:MetaspaceSize=64m, -XX:MaxMetaspaceSize=256m]
Starting event engine
Starting sbt command engine
Waiting for sbt command engine
Command engine arguments=List()
Command engine baseDirectory=C:\Users\Mark\IdeaProjects\SDP-Exercises\cw-two
Command engine initial remaining commands List(--initialize, onFailure load-failed, boot, server-send-ready-for-request, server-handle-next-server-request)
> --initialize
> initialize
> onFailure load-failed
> boot
> reload
[Loading] Scanning directory C:\Users\Mark\IdeaProjects\SDP-Exercises\cw-two\project
[Loading] Found non-root projects 
[Loading] Done in C:\Users\Mark\IdeaProjects\SDP-Exercises\cw-two\project, returning: ()
deducing auto plugins based on known facts Set(Atom(sbt.plugins.CorePlugin)) and clauses Clauses(List(Clause(Atom(sbt.plugins.JvmPlugin),Set(Atom(sbt.plugins.IvyPlugin))), Clause(Atom(sbt.plugins.JUnitXmlReportPlugin),Set(Atom(sbt.plugins.JvmPlugin))), Clause(Atom(sbt.plugins.CorePlugin),Set(Atom(sbt.plugins.IvyPlugin))), Clause(Atom(sbt.plugins.IvyPlugin),Set(Atom(sbt.plugins.JvmPlugin))), Clause(Atom(sbt.plugins.JvmPlugin),Set(Atom(sbt.plugins.JUnitXmlReportPlugin)))))
  :: deduced result: Matched(sbt.plugins.CorePlugin,sbt.plugins.IvyPlugin,sbt.plugins.JvmPlugin,sbt.plugins.JUnitXmlReportPlugin)
sorting: ns: List(sbt.plugins.CorePlugin, sbt.plugins.IvyPlugin, sbt.plugins.JvmPlugin, sbt.plugins.JUnitXmlReportPlugin)
  :: sorting:: found: List(sbt.plugins.CorePlugin) not found List(sbt.plugins.IvyPlugin, sbt.plugins.JvmPlugin, sbt.plugins.JUnitXmlReportPlugin)
  :: sorting:: found: List(sbt.plugins.CorePlugin, sbt.plugins.IvyPlugin) not found List(sbt.plugins.JvmPlugin, sbt.plugins.JUnitXmlReportPlugin)
  :: sorting:: found: List(sbt.plugins.CorePlugin, sbt.plugins.IvyPlugin, sbt.plugins.JvmPlugin) not found List(sbt.plugins.JUnitXmlReportPlugin)
  :: sorting:: found: List(sbt.plugins.CorePlugin, sbt.plugins.IvyPlugin, sbt.plugins.JvmPlugin, sbt.plugins.JUnitXmlReportPlugin) not found List()
  :: sorted deduced result: List(sbt.plugins.CorePlugin, sbt.plugins.IvyPlugin, sbt.plugins.JvmPlugin, sbt.plugins.JUnitXmlReportPlugin)
[Loading] Done in C:\Users\Mark\IdeaProjects\SDP-Exercises\cw-two\project, returning: (cw-two-build)
Loading project definition from C:\Users\Mark\IdeaProjects\SDP-Exercises\cw-two\project
Running task... Cancel: sbt.TaskCancellationStrategy$Null$@2d81a2d7, check cycles: false

Initial source changes: 
	removed:Set()
	added: Set()
	modified: Set()
Removed products: Set()
External API changes: API Changes: Set()
Modified binary dependencies: Set()
Initial directly invalidated sources: Set()

Sources indirectly invalidated by:
	product: Set()
	binary dep: Set()
	external source: Set()
All initially invalidated sources: Set()

Copy resource mappings: 
	
[Loading] Scanning directory C:\Users\Mark\IdeaProjects\SDP-Exercises\cw-two
[Loading] Found non-root projects 
[Loading] Done in C:\Users\Mark\IdeaProjects\SDP-Exercises\cw-two, returning: ()
deducing auto plugins based on known facts Set(Atom(sbt.plugins.CorePlugin)) and clauses Clauses(List(Clause(Atom(sbt.plugins.JvmPlugin),Set(Atom(sbt.plugins.IvyPlugin))), Clause(Atom(sbt.plugins.JUnitXmlReportPlugin),Set(Atom(sbt.plugins.JvmPlugin))), Clause(Atom(sbt.plugins.BackgroundRunPlugin),Set(Atom(sbt.plugins.JvmPlugin))), Clause(Atom(sbt.plugins.CorePlugin),Set(Atom(sbt.plugins.IvyPlugin))), Clause(Atom(sbt.plugins.IvyPlugin),Set(Atom(sbt.plugins.JvmPlugin))), Clause(Atom(sbt.plugins.JvmPlugin),Set(Atom(sbt.plugins.JUnitXmlReportPlugin))), Clause(Atom(sbt.plugins.JvmPlugin),Set(Atom(sbt.plugins.BackgroundRunPlugin))), Clause(Atom(sbt.plugins.CorePlugin),Set(Atom(sbt.plugins.InteractionServicePlugin))), Clause(Atom(sbt.plugins.CorePlugin),Set(Atom(sbt.plugins.SendEventServicePlugin))), Clause(Atom(sbt.plugins.CorePlugin),Set(Atom(sbt.plugins.SerializersPlugin)))))
  :: deduced result: Matched(sbt.plugins.CorePlugin,sbt.plugins.SerializersPlugin,sbt.plugins.SendEventServicePlugin,sbt.plugins.InteractionServicePlugin,sbt.plugins.IvyPlugin,sbt.plugins.JvmPlugin,sbt.plugins.BackgroundRunPlugin,sbt.plugins.JUnitXmlReportPlugin)
sorting: ns: List(sbt.plugins.CorePlugin, sbt.plugins.SerializersPlugin, sbt.plugins.SendEventServicePlugin, sbt.plugins.InteractionServicePlugin, sbt.plugins.IvyPlugin, sbt.plugins.JvmPlugin, sbt.plugins.BackgroundRunPlugin, sbt.plugins.JUnitXmlReportPlugin)
  :: sorting:: found: List(sbt.plugins.CorePlugin) not found List(sbt.plugins.SerializersPlugin, sbt.plugins.SendEventServicePlugin, sbt.plugins.InteractionServicePlugin, sbt.plugins.IvyPlugin, sbt.plugins.JvmPlugin, sbt.plugins.BackgroundRunPlugin, sbt.plugins.JUnitXmlReportPlugin)
  :: sorting:: found: List(sbt.plugins.CorePlugin, sbt.plugins.SerializersPlugin, sbt.plugins.SendEventServicePlugin, sbt.plugins.InteractionServicePlugin, sbt.plugins.IvyPlugin) not found List(sbt.plugins.JvmPlugin, sbt.plugins.BackgroundRunPlugin, sbt.plugins.JUnitXmlReportPlugin)
  :: sorting:: found: List(sbt.plugins.CorePlugin, sbt.plugins.SerializersPlugin, sbt.plugins.SendEventServicePlugin, sbt.plugins.InteractionServicePlugin, sbt.plugins.IvyPlugin, sbt.plugins.JvmPlugin) not found List(sbt.plugins.BackgroundRunPlugin, sbt.plugins.JUnitXmlReportPlugin)
  :: sorting:: found: List(sbt.plugins.CorePlugin, sbt.plugins.SerializersPlugin, sbt.plugins.SendEventServicePlugin, sbt.plugins.InteractionServicePlugin, sbt.plugins.IvyPlugin, sbt.plugins.JvmPlugin, sbt.plugins.BackgroundRunPlugin, sbt.plugins.JUnitXmlReportPlugin) not found List()
  :: sorted deduced result: List(sbt.plugins.CorePlugin, sbt.plugins.SerializersPlugin, sbt.plugins.SendEventServicePlugin, sbt.plugins.InteractionServicePlugin, sbt.plugins.IvyPlugin, sbt.plugins.JvmPlugin, sbt.plugins.BackgroundRunPlugin, sbt.plugins.JUnitXmlReportPlugin)
[Loading] Done in C:\Users\Mark\IdeaProjects\SDP-Exercises\cw-two, returning: (cw-two)
Set current project to mastermind (in build file:/C:/Users/Mark/IdeaProjects/SDP-Exercises/cw-two/)
Reapplying settings...
Set current project to mastermind (in build file:/C:/Users/Mark/IdeaProjects/SDP-Exercises/cw-two/)
> iflast shell
> server-send-ready-for-request
> server-handle-next-server-request
> {file:/C:/Users/Mark/IdeaProjects/SDP-Exercises/cw-two/}cw-two/compile:discoveredMainClasses
Evaluating tasks: compile:discoveredMainClasses
Running task... Cancel: sbt.server.ServerTaskCancellation@37fa5ae9, check cycles: false
Read from stdout: Updating {file:/C:/Users/Mark/IdeaProjects/SDP-Exercises/cw-two/}cw-two...
Updating {file:/C:/Users/Mark/IdeaProjects/SDP-Exercises/cw-two/}cw-two...
Other repositories:
Default repositories:
Using inline dependencies specified in Scala.
:: resolving dependencies :: mastermind#mastermind_2.11;1.0
	confs: [compile, runtime, test, provided, optional, compile-internal, runtime-internal, test-internal, plugin, sources, docs, pom, scala-tool]
	validate = true
	refresh = false
resolving dependencies for configuration 'compile'
== resolving dependencies for mastermind#mastermind_2.11;1.0 [compile]
== resolving dependencies mastermind#mastermind_2.11;1.0->org.scala-lang#scala-library;2.11.7 [compile->default(compile)]
Read from stdout: Resolving org.scala-lang#scala-library;2.11.7 ...
Resolving org.scala-lang#scala-library;2.11.7 ...
sbt-chain: Checking cache for: sbt.ivyint.MergedDescriptors@df7f9b2
sbt-chain: module revision found in cache: org.scala-lang#scala-library;2.11.7
	found org.scala-lang#scala-library;2.11.7 in sbt-chain
	[2.11.7] org.scala-lang#scala-library;2.11.7
== resolving dependencies mastermind#mastermind_2.11;1.0->org.scala-lang#scala-library;2.11.7 [compile->runtime]
== resolving dependencies mastermind#mastermind_2.11;1.0->org.scala-lang#scala-library;2.11.7 [compile->compile]
== resolving dependencies mastermind#mastermind_2.11;1.0->org.scala-lang#scala-library;2.11.7 [compile->master]
resolving dependencies for configuration 'runtime'
== resolving dependencies for mastermind#mastermind_2.11;1.0 [runtime]
== resolving dependencies for mastermind#mastermind_2.11;1.0 [compile]
== resolving dependencies mastermind#mastermind_2.11;1.0->org.scala-lang#scala-library;2.11.7 [compile->default(compile)]
== resolving dependencies mastermind#mastermind_2.11;1.0->org.scala-lang#scala-library;2.11.7 [compile->runtime]
== resolving dependencies mastermind#mastermind_2.11;1.0->org.scala-lang#scala-library;2.11.7 [compile->compile]
== resolving dependencies mastermind#mastermind_2.11;1.0->org.scala-lang#scala-library;2.11.7 [compile->master]
resolving dependencies for configuration 'test'
== resolving dependencies for mastermind#mastermind_2.11;1.0 [test]
== resolving dependencies for mastermind#mastermind_2.11;1.0 [runtime]
== resolving dependencies for mastermind#mastermind_2.11;1.0 [compile]
== resolving dependencies mastermind#mastermind_2.11;1.0->org.scala-lang#scala-library;2.11.7 [compile->default(compile)]
== resolving dependencies mastermind#mastermind_2.11;1.0->org.scala-lang#scala-library;2.11.7 [compile->runtime]
== resolving dependencies mastermind#mastermind_2.11;1.0->org.scala-lang#scala-library;2.11.7 [compile->compile]
== resolving dependencies mastermind#mastermind_2.11;1.0->org.scala-lang#scala-library;2.11.7 [compile->master]
== resolving dependencies mastermind#mastermind_2.11;1.0->org.scalatest#scalatest_2.11;2.2.4 [test->default(compile)]
Read from stdout: Resolving org.scalatest#scalatest_2.11;2.2.4 ...
Resolving org.scalatest#scalatest_2.11;2.2.4 ...
sbt-chain: Checking cache for: dependency: org.scalatest#scalatest_2.11;2.2.4 {test=[default(compile)]}
sbt-chain: module revision found in cache: org.scalatest#scalatest_2.11;2.2.4
	found org.scalatest#scalatest_2.11;2.2.4 in sbt-chain
== resolving dependencies mastermind#mastermind_2.11;1.0->org.scalatest#scalatest_2.11;2.2.4 [test->runtime]
== resolving dependencies mastermind#mastermind_2.11;1.0->org.scalatest#scalatest_2.11;2.2.4 [test->compile]
== resolving dependencies org.scalatest#scalatest_2.11;2.2.4->org.scala-lang#scala-library;2.11.2 [compile->master(compile)]
== resolving dependencies org.scalatest#scalatest_2.11;2.2.4->org.scala-lang#scala-library;2.11.7 [compile->master(compile)]
== resolving dependencies org.scalatest#scalatest_2.11;2.2.4->org.scala-lang#scala-library;2.11.2 [compile->compile(*)]
== resolving dependencies org.scalatest#scalatest_2.11;2.2.4->org.scala-lang#scala-library;2.11.7 [compile->compile(*)]
== resolving dependencies org.scalatest#scalatest_2.11;2.2.4->org.scala-lang#scala-reflect;2.11.2 [compile->master(compile)]
Read from stdout: Resolving org.scala-lang#scala-reflect;2.11.2 ...
Resolving org.scala-lang#scala-reflect;2.11.2 ...
sbt-chain: Checking cache for: dependency: org.scala-lang#scala-reflect;2.11.2 {compile=[compile(*), master(compile)], runtime=[runtime(*)]}
sbt-chain: module revision found in cache: org.scala-lang#scala-reflect;2.11.2
	found org.scala-lang#scala-reflect;2.11.2 in sbt-chain
	[2.11.2] org.scala-lang#scala-reflect;2.11.2
== resolving dependencies org.scalatest#scalatest_2.11;2.2.4->org.scala-lang#scala-reflect;2.11.2 [compile->compile(*)]
== resolving dependencies org.scala-lang#scala-reflect;2.11.2->org.scala-lang#scala-library;2.11.2 [compile->master(compile)]
== resolving dependencies org.scala-lang#scala-reflect;2.11.2->org.scala-lang#scala-library;2.11.7 [compile->master(compile)]
== resolving dependencies org.scala-lang#scala-reflect;2.11.2->org.scala-lang#scala-library;2.11.2 [compile->compile(*)]
== resolving dependencies org.scala-lang#scala-reflect;2.11.2->org.scala-lang#scala-library;2.11.7 [compile->compile(*)]
== resolving dependencies org.scalatest#scalatest_2.11;2.2.4->org.scala-lang#scala-reflect;2.11.2 [compile->runtime(*)]
== resolving dependencies org.scalatest#scalatest_2.11;2.2.4->org.scala-lang#scala-reflect;2.11.2 [compile->compile]
== resolving dependencies org.scala-lang#scala-reflect;2.11.2->org.scala-lang#scala-library;2.11.2 [runtime->runtime(*)]
== resolving dependencies org.scala-lang#scala-reflect;2.11.2->org.scala-lang#scala-library;2.11.7 [runtime->runtime(*)]
== resolving dependencies org.scala-lang#scala-reflect;2.11.2->org.scala-lang#scala-library;2.11.7 [runtime->compile]
== resolving dependencies org.scalatest#scalatest_2.11;2.2.4->org.scala-lang.modules#scala-xml_2.11;1.0.2 [compile->master(compile)]
Read from stdout: Resolving org.scala-lang.modules#scala-xml_2.11;1.0.2 ...
Resolving org.scala-lang.modules#scala-xml_2.11;1.0.2 ...
sbt-chain: Checking cache for: dependency: org.scala-lang.modules#scala-xml_2.11;1.0.2 {compile=[compile(*), master(compile)], runtime=[runtime(*)]}
sbt-chain: module revision found in cache: org.scala-lang.modules#scala-xml_2.11;1.0.2
	found org.scala-lang.modules#scala-xml_2.11;1.0.2 in sbt-chain
== resolving dependencies org.scalatest#scalatest_2.11;2.2.4->org.scala-lang.modules#scala-xml_2.11;1.0.2 [compile->compile(*)]
== resolving dependencies org.scala-lang.modules#scala-xml_2.11;1.0.2->org.scala-lang#scala-library;2.11.1 [compile->master(compile)]
== resolving dependencies org.scala-lang.modules#scala-xml_2.11;1.0.2->org.scala-lang#scala-library;2.11.1 [compile->compile(*)]
== resolving dependencies org.scala-lang.modules#scala-xml_2.11;1.0.2->org.scala-lang#scala-library;2.11.7 [compile->compile(*)]
== resolving dependencies org.scalatest#scalatest_2.11;2.2.4->org.scala-lang.modules#scala-xml_2.11;1.0.2 [compile->runtime(*)]
== resolving dependencies org.scalatest#scalatest_2.11;2.2.4->org.scala-lang.modules#scala-xml_2.11;1.0.2 [compile->compile]
== resolving dependencies org.scala-lang.modules#scala-xml_2.11;1.0.2->org.scala-lang#scala-library;2.11.1 [runtime->runtime(*)]
== resolving dependencies org.scala-lang.modules#scala-xml_2.11;1.0.2->org.scala-lang#scala-library;2.11.7 [runtime->runtime(*)]
== resolving dependencies org.scala-lang.modules#scala-xml_2.11;1.0.2->org.scala-lang#scala-library;2.11.7 [runtime->compile]
== resolving dependencies org.scalatest#scalatest_2.11;2.2.4->org.scala-lang#scala-library;2.11.2 [runtime->runtime(*)]
== resolving dependencies org.scalatest#scalatest_2.11;2.2.4->org.scala-lang#scala-library;2.11.7 [runtime->runtime(*)]
== resolving dependencies org.scalatest#scalatest_2.11;2.2.4->org.scala-lang#scala-library;2.11.7 [runtime->compile]
== resolving dependencies org.scalatest#scalatest_2.11;2.2.4->org.scala-lang#scala-reflect;2.11.2 [runtime->runtime(*)]
== resolving dependencies org.scalatest#scalatest_2.11;2.2.4->org.scala-lang#scala-reflect;2.11.2 [runtime->compile]
== resolving dependencies org.scalatest#scalatest_2.11;2.2.4->org.scala-lang.modules#scala-xml_2.11;1.0.2 [runtime->runtime(*)]
== resolving dependencies org.scalatest#scalatest_2.11;2.2.4->org.scala-lang.modules#scala-xml_2.11;1.0.2 [runtime->compile]
== resolving dependencies mastermind#mastermind_2.11;1.0->org.scalatest#scalatest_2.11;2.2.4 [test->master]
resolving dependencies for configuration 'provided'
== resolving dependencies for mastermind#mastermind_2.11;1.0 [provided]
resolving dependencies for configuration 'optional'
== resolving dependencies for mastermind#mastermind_2.11;1.0 [optional]
resolving dependencies for configuration 'compile-internal'
== resolving dependencies for mastermind#mastermind_2.11;1.0 [compile-internal]
== resolving dependencies for mastermind#mastermind_2.11;1.0 [compile]
== resolving dependencies mastermind#mastermind_2.11;1.0->org.scala-lang#scala-library;2.11.7 [compile->default(compile)]
== resolving dependencies mastermind#mastermind_2.11;1.0->org.scala-lang#scala-library;2.11.7 [compile->runtime]
== resolving dependencies mastermind#mastermind_2.11;1.0->org.scala-lang#scala-library;2.11.7 [compile->compile]
== resolving dependencies mastermind#mastermind_2.11;1.0->org.scala-lang#scala-library;2.11.7 [compile->master]
== resolving dependencies for mastermind#mastermind_2.11;1.0 [optional]
== resolving dependencies for mastermind#mastermind_2.11;1.0 [provided]
resolving dependencies for configuration 'runtime-internal'
== resolving dependencies for mastermind#mastermind_2.11;1.0 [runtime-internal]
== resolving dependencies for mastermind#mastermind_2.11;1.0 [runtime]
== resolving dependencies for mastermind#mastermind_2.11;1.0 [compile]
== resolving dependencies mastermind#mastermind_2.11;1.0->org.scala-lang#scala-library;2.11.7 [compile->default(compile)]
== resolving dependencies mastermind#mastermind_2.11;1.0->org.scala-lang#scala-library;2.11.7 [compile->runtime]
== resolving dependencies mastermind#mastermind_2.11;1.0->org.scala-lang#scala-library;2.11.7 [compile->compile]
== resolving dependencies mastermind#mastermind_2.11;1.0->org.scala-lang#scala-library;2.11.7 [compile->master]
== resolving dependencies for mastermind#mastermind_2.11;1.0 [optional]
resolving dependencies for configuration 'test-internal'
== resolving dependencies for mastermind#mastermind_2.11;1.0 [test-internal]
== resolving dependencies for mastermind#mastermind_2.11;1.0 [test]
== resolving dependencies for mastermind#mastermind_2.11;1.0 [runtime]
== resolving dependencies for mastermind#mastermind_2.11;1.0 [compile]
== resolving dependencies mastermind#mastermind_2.11;1.0->org.scala-lang#scala-library;2.11.7 [compile->default(compile)]
== resolving dependencies mastermind#mastermind_2.11;1.0->org.scala-lang#scala-library;2.11.7 [compile->runtime]
== resolving dependencies mastermind#mastermind_2.11;1.0->org.scala-lang#scala-library;2.11.7 [compile->compile]
== resolving dependencies mastermind#mastermind_2.11;1.0->org.scala-lang#scala-library;2.11.7 [compile->master]
== resolving dependencies mastermind#mastermind_2.11;1.0->org.scalatest#scalatest_2.11;2.2.4 [test->default(compile)]
== resolving dependencies mastermind#mastermind_2.11;1.0->org.scalatest#scalatest_2.11;2.2.4 [test->runtime]
== resolving dependencies mastermind#mastermind_2.11;1.0->org.scalatest#scalatest_2.11;2.2.4 [test->compile]
== resolving dependencies org.scalatest#scalatest_2.11;2.2.4->org.scala-lang#scala-library;2.11.2 [compile->master(compile)]
== resolving dependencies org.scalatest#scalatest_2.11;2.2.4->org.scala-lang#scala-library;2.11.7 [compile->master(compile)]
== resolving dependencies org.scalatest#scalatest_2.11;2.2.4->org.scala-lang#scala-library;2.11.2 [compile->compile(*)]
== resolving dependencies org.scalatest#scalatest_2.11;2.2.4->org.scala-lang#scala-library;2.11.7 [compile->compile(*)]
== resolving dependencies org.scalatest#scalatest_2.11;2.2.4->org.scala-lang#scala-reflect;2.11.2 [compile->master(compile)]
== resolving dependencies org.scalatest#scalatest_2.11;2.2.4->org.scala-lang#scala-reflect;2.11.2 [compile->compile(*)]
== resolving dependencies org.scala-lang#scala-reflect;2.11.2->org.scala-lang#scala-library;2.11.2 [compile->master(compile)]
== resolving dependencies org.scala-lang#scala-reflect;2.11.2->org.scala-lang#scala-library;2.11.7 [compile->master(compile)]
== resolving dependencies org.scala-lang#scala-reflect;2.11.2->org.scala-lang#scala-library;2.11.2 [compile->compile(*)]
== resolving dependencies org.scala-lang#scala-reflect;2.11.2->org.scala-lang#scala-library;2.11.7 [compile->compile(*)]
== resolving dependencies org.scalatest#scalatest_2.11;2.2.4->org.scala-lang.modules#scala-xml_2.11;1.0.2 [compile->master(compile)]
== resolving dependencies org.scalatest#scalatest_2.11;2.2.4->org.scala-lang.modules#scala-xml_2.11;1.0.2 [compile->compile(*)]
== resolving dependencies org.scala-lang.modules#scala-xml_2.11;1.0.2->org.scala-lang#scala-library;2.11.1 [compile->master(compile)]
== resolving dependencies org.scala-lang.modules#scala-xml_2.11;1.0.2->org.scala-lang#scala-library;2.11.1 [compile->compile(*)]
== resolving dependencies org.scala-lang.modules#scala-xml_2.11;1.0.2->org.scala-lang#scala-library;2.11.7 [compile->compile(*)]
== resolving dependencies org.scalatest#scalatest_2.11;2.2.4->org.scala-lang#scala-library;2.11.2 [runtime->runtime(*)]
== resolving dependencies org.scalatest#scalatest_2.11;2.2.4->org.scala-lang#scala-library;2.11.7 [runtime->runtime(*)]
== resolving dependencies org.scalatest#scalatest_2.11;2.2.4->org.scala-lang#scala-library;2.11.7 [runtime->compile]
== resolving dependencies org.scalatest#scalatest_2.11;2.2.4->org.scala-lang#scala-reflect;2.11.2 [runtime->runtime(*)]
== resolving dependencies org.scalatest#scalatest_2.11;2.2.4->org.scala-lang#scala-reflect;2.11.2 [runtime->compile]
== resolving dependencies org.scala-lang#scala-reflect;2.11.2->org.scala-lang#scala-library;2.11.2 [runtime->runtime(*)]
== resolving dependencies org.scala-lang#scala-reflect;2.11.2->org.scala-lang#scala-library;2.11.7 [runtime->runtime(*)]
== resolving dependencies org.scala-lang#scala-reflect;2.11.2->org.scala-lang#scala-library;2.11.7 [runtime->compile]
== resolving dependencies org.scalatest#scalatest_2.11;2.2.4->org.scala-lang.modules#scala-xml_2.11;1.0.2 [runtime->runtime(*)]
== resolving dependencies org.scalatest#scalatest_2.11;2.2.4->org.scala-lang.modules#scala-xml_2.11;1.0.2 [runtime->compile]
== resolving dependencies org.scala-lang.modules#scala-xml_2.11;1.0.2->org.scala-lang#scala-library;2.11.1 [runtime->runtime(*)]
== resolving dependencies org.scala-lang.modules#scala-xml_2.11;1.0.2->org.scala-lang#scala-library;2.11.7 [runtime->runtime(*)]
== resolving dependencies org.scala-lang.modules#scala-xml_2.11;1.0.2->org.scala-lang#scala-library;2.11.7 [runtime->compile]
== resolving dependencies mastermind#mastermind_2.11;1.0->org.scalatest#scalatest_2.11;2.2.4 [test->master]
== resolving dependencies for mastermind#mastermind_2.11;1.0 [optional]
== resolving dependencies for mastermind#mastermind_2.11;1.0 [provided]
resolving dependencies for configuration 'plugin'
== resolving dependencies for mastermind#mastermind_2.11;1.0 [plugin]
resolving dependencies for configuration 'sources'
== resolving dependencies for mastermind#mastermind_2.11;1.0 [sources]
resolving dependencies for configuration 'docs'
== resolving dependencies for mastermind#mastermind_2.11;1.0 [docs]
resolving dependencies for configuration 'pom'
== resolving dependencies for mastermind#mastermind_2.11;1.0 [pom]
resolving dependencies for configuration 'scala-tool'
== resolving dependencies for mastermind#mastermind_2.11;1.0 [scala-tool]
== resolving dependencies mastermind#mastermind_2.11;1.0->org.scala-lang#scala-compiler;2.11.7 [scala-tool->default]
Read from stdout: Resolving org.scala-lang#scala-compiler;2.11.7 ...
Resolving org.scala-lang#scala-compiler;2.11.7 ...
sbt-chain: Checking cache for: dependency: org.scala-lang#scala-compiler;2.11.7 {scala-tool=[default, optional(default)]}
sbt-chain: module revision found in cache: org.scala-lang#scala-compiler;2.11.7
	found org.scala-lang#scala-compiler;2.11.7 in sbt-chain
== resolving dependencies mastermind#mastermind_2.11;1.0->org.scala-lang#scala-compiler;2.11.7 [scala-tool->runtime]
== resolving dependencies mastermind#mastermind_2.11;1.0->org.scala-lang#scala-compiler;2.11.7 [scala-tool->compile]
== resolving dependencies org.scala-lang#scala-compiler;2.11.7->org.scala-lang#scala-library;2.11.7 [compile->master(compile)]
== resolving dependencies org.scala-lang#scala-compiler;2.11.7->org.scala-lang#scala-library;2.11.7 [compile->compile(*)]
== resolving dependencies org.scala-lang#scala-compiler;2.11.7->org.scala-lang#scala-library;2.11.7 [compile->default]
== resolving dependencies org.scala-lang#scala-compiler;2.11.7->org.scala-lang#scala-library;2.11.7 [compile->runtime]
== resolving dependencies org.scala-lang#scala-compiler;2.11.7->org.scala-lang#scala-library;2.11.7 [compile->compile]
== resolving dependencies org.scala-lang#scala-compiler;2.11.7->org.scala-lang#scala-library;2.11.7 [compile->master]
== resolving dependencies org.scala-lang#scala-compiler;2.11.7->org.scala-lang#scala-library;2.11.7 [compile->optional(default)]
== resolving dependencies org.scala-lang#scala-compiler;2.11.7->org.scala-lang#scala-reflect;2.11.7 [compile->master(compile)]
Read from stdout: Resolving org.scala-lang#scala-reflect;2.11.7 ...
Resolving org.scala-lang#scala-reflect;2.11.7 ...
sbt-chain: Checking cache for: dependency: org.scala-lang#scala-reflect;2.11.7 {compile=[compile(*), master(compile)], runtime=[runtime(*)]}
sbt-chain: module revision found in cache: org.scala-lang#scala-reflect;2.11.7
	found org.scala-lang#scala-reflect;2.11.7 in sbt-chain
	[2.11.7] org.scala-lang#scala-reflect;2.11.7
== resolving dependencies org.scala-lang#scala-compiler;2.11.7->org.scala-lang#scala-reflect;2.11.7 [compile->compile(*)]
== resolving dependencies org.scala-lang#scala-reflect;2.11.7->org.scala-lang#scala-library;2.11.7 [compile->master(compile)]
== resolving dependencies org.scala-lang#scala-reflect;2.11.7->org.scala-lang#scala-library;2.11.7 [compile->compile(*)]
== resolving dependencies org.scala-lang#scala-compiler;2.11.7->org.scala-lang#scala-reflect;2.11.7 [compile->runtime(*)]
== resolving dependencies org.scala-lang#scala-compiler;2.11.7->org.scala-lang#scala-reflect;2.11.7 [compile->compile]
== resolving dependencies org.scala-lang#scala-reflect;2.11.7->org.scala-lang#scala-library;2.11.7 [runtime->runtime(*)]
== resolving dependencies org.scala-lang#scala-reflect;2.11.7->org.scala-lang#scala-library;2.11.7 [runtime->compile]
== resolving dependencies org.scala-lang#scala-compiler;2.11.7->org.scala-lang.modules#scala-xml_2.11;1.0.4 [compile->master(compile)]
Read from stdout: Resolving org.scala-lang.modules#scala-xml_2.11;1.0.4 ...
Resolving org.scala-lang.modules#scala-xml_2.11;1.0.4 ...
sbt-chain: Checking cache for: dependency: org.scala-lang.modules#scala-xml_2.11;1.0.4 {compile=[compile(*), master(compile)], runtime=[runtime(*)]}
sbt-chain: module revision found in cache: org.scala-lang.modules#scala-xml_2.11;1.0.4
	found org.scala-lang.modules#scala-xml_2.11;1.0.4 in sbt-chain
== resolving dependencies org.scala-lang#scala-compiler;2.11.7->org.scala-lang.modules#scala-xml_2.11;1.0.4 [compile->compile(*)]
== resolving dependencies org.scala-lang.modules#scala-xml_2.11;1.0.4->org.scala-lang#scala-library;2.11.4 [compile->master(compile)]
== resolving dependencies org.scala-lang.modules#scala-xml_2.11;1.0.4->org.scala-lang#scala-library;2.11.7 [compile->master(compile)]
== resolving dependencies org.scala-lang.modules#scala-xml_2.11;1.0.4->org.scala-lang#scala-library;2.11.4 [compile->compile(*)]
== resolving dependencies org.scala-lang.modules#scala-xml_2.11;1.0.4->org.scala-lang#scala-library;2.11.7 [compile->compile(*)]
== resolving dependencies org.scala-lang#scala-compiler;2.11.7->org.scala-lang.modules#scala-xml_2.11;1.0.4 [compile->runtime(*)]
== resolving dependencies org.scala-lang#scala-compiler;2.11.7->org.scala-lang.modules#scala-xml_2.11;1.0.4 [compile->compile]
== resolving dependencies org.scala-lang.modules#scala-xml_2.11;1.0.4->org.scala-lang#scala-library;2.11.4 [runtime->runtime(*)]
== resolving dependencies org.scala-lang.modules#scala-xml_2.11;1.0.4->org.scala-lang#scala-library;2.11.7 [runtime->runtime(*)]
== resolving dependencies org.scala-lang.modules#scala-xml_2.11;1.0.4->org.scala-lang#scala-library;2.11.7 [runtime->compile]
== resolving dependencies org.scala-lang#scala-compiler;2.11.7->org.scala-lang.modules#scala-parser-combinators_2.11;1.0.4 [compile->master(compile)]
Read from stdout: Resolving org.scala-lang.modules#scala-parser-combinators_2.11;1.0.4 ...
Resolving org.scala-lang.modules#scala-parser-combinators_2.11;1.0.4 ...
sbt-chain: Checking cache for: dependency: org.scala-lang.modules#scala-parser-combinators_2.11;1.0.4 {compile=[compile(*), master(compile)], runtime=[runtime(*)]}
sbt-chain: module revision found in cache: org.scala-lang.modules#scala-parser-combinators_2.11;1.0.4
	found org.scala-lang.modules#scala-parser-combinators_2.11;1.0.4 in sbt-chain
== resolving dependencies org.scala-lang#scala-compiler;2.11.7->org.scala-lang.modules#scala-parser-combinators_2.11;1.0.4 [compile->compile(*)]
== resolving dependencies org.scala-lang.modules#scala-parser-combinators_2.11;1.0.4->org.scala-lang#scala-library;2.11.6 [compile->master(compile)]
== resolving dependencies org.scala-lang.modules#scala-parser-combinators_2.11;1.0.4->org.scala-lang#scala-library;2.11.7 [compile->master(compile)]
== resolving dependencies org.scala-lang.modules#scala-parser-combinators_2.11;1.0.4->org.scala-lang#scala-library;2.11.6 [compile->compile(*)]
== resolving dependencies org.scala-lang.modules#scala-parser-combinators_2.11;1.0.4->org.scala-lang#scala-library;2.11.7 [compile->compile(*)]
== resolving dependencies org.scala-lang#scala-compiler;2.11.7->org.scala-lang.modules#scala-parser-combinators_2.11;1.0.4 [compile->runtime(*)]
== resolving dependencies org.scala-lang#scala-compiler;2.11.7->org.scala-lang.modules#scala-parser-combinators_2.11;1.0.4 [compile->compile]
== resolving dependencies org.scala-lang.modules#scala-parser-combinators_2.11;1.0.4->org.scala-lang#scala-library;2.11.6 [runtime->runtime(*)]
== resolving dependencies org.scala-lang.modules#scala-parser-combinators_2.11;1.0.4->org.scala-lang#scala-library;2.11.7 [runtime->runtime(*)]
== resolving dependencies org.scala-lang.modules#scala-parser-combinators_2.11;1.0.4->org.scala-lang#scala-library;2.11.7 [runtime->compile]
== resolving dependencies org.scala-lang#scala-compiler;2.11.7->org.scala-lang#scala-library;2.11.7 [runtime->runtime(*)]
== resolving dependencies org.scala-lang#scala-compiler;2.11.7->org.scala-lang#scala-library;2.11.7 [runtime->compile]
== resolving dependencies org.scala-lang#scala-compiler;2.11.7->org.scala-lang#scala-reflect;2.11.7 [runtime->runtime(*)]
== resolving dependencies org.scala-lang#scala-compiler;2.11.7->org.scala-lang#scala-reflect;2.11.7 [runtime->compile]
== resolving dependencies org.scala-lang#scala-compiler;2.11.7->org.scala-lang.modules#scala-xml_2.11;1.0.4 [runtime->runtime(*)]
== resolving dependencies org.scala-lang#scala-compiler;2.11.7->org.scala-lang.modules#scala-xml_2.11;1.0.4 [runtime->compile]
== resolving dependencies org.scala-lang#scala-compiler;2.11.7->org.scala-lang.modules#scala-parser-combinators_2.11;1.0.4 [runtime->runtime(*)]
== resolving dependencies org.scala-lang#scala-compiler;2.11.7->org.scala-lang.modules#scala-parser-combinators_2.11;1.0.4 [runtime->compile]
== resolving dependencies mastermind#mastermind_2.11;1.0->org.scala-lang#scala-compiler;2.11.7 [scala-tool->master]
== resolving dependencies mastermind#mastermind_2.11;1.0->org.scala-lang#scala-compiler;2.11.7 [scala-tool->optional(default)]
== resolving dependencies org.scala-lang#scala-compiler;2.11.7->jline#jline;2.12.1 [optional->master(compile)]
Read from stdout: Resolving jline#jline;2.12.1 ...
Resolving jline#jline;2.12.1 ...
sbt-chain: Checking cache for: dependency: jline#jline;2.12.1 {optional=[compile(*), master(compile)]}
sbt-chain: module revision found in cache: jline#jline;2.12.1
	found jline#jline;2.12.1 in sbt-chain
== resolving dependencies org.scala-lang#scala-compiler;2.11.7->jline#jline;2.12.1 [optional->compile(*)]
== resolving dependencies mastermind#mastermind_2.11;1.0->org.scala-lang#scala-library;2.11.7 [scala-tool->default]
== resolving dependencies mastermind#mastermind_2.11;1.0->org.scala-lang#scala-library;2.11.7 [scala-tool->runtime]
== resolving dependencies mastermind#mastermind_2.11;1.0->org.scala-lang#scala-library;2.11.7 [scala-tool->compile]
== resolving dependencies mastermind#mastermind_2.11;1.0->org.scala-lang#scala-library;2.11.7 [scala-tool->master]
== resolving dependencies mastermind#mastermind_2.11;1.0->org.scala-lang#scala-library;2.11.7 [scala-tool->optional(default)]
	resolved ivy file produced in cache
:: downloading artifacts ::
	[NOT REQUIRED] org.scala-lang#scala-library;2.11.7!scala-library.jar
	[NOT REQUIRED] org.scalatest#scalatest_2.11;2.2.4!scalatest_2.11.jar(bundle)
	[NOT REQUIRED] org.scala-lang#scala-reflect;2.11.2!scala-reflect.jar
	[NOT REQUIRED] org.scala-lang.modules#scala-xml_2.11;1.0.2!scala-xml_2.11.jar(bundle)
	[NOT REQUIRED] org.scala-lang#scala-compiler;2.11.7!scala-compiler.jar
	[NOT REQUIRED] org.scala-lang#scala-reflect;2.11.7!scala-reflect.jar
	[NOT REQUIRED] org.scala-lang.modules#scala-xml_2.11;1.0.4!scala-xml_2.11.jar(bundle)
	[NOT REQUIRED] org.scala-lang.modules#scala-parser-combinators_2.11;1.0.4!scala-parser-combinators_2.11.jar(bundle)
	[NOT REQUIRED] jline#jline;2.12.1!jline.jar
:: resolution report :: resolve 483ms :: artifacts dl 23ms
	report for mastermind#mastermind_2.11;1.0 compile produced in C:\Users\Mark\IdeaProjects\SDP-Exercises\cw-two\target\resolution-cache\reports\mastermind-mastermind_2.11-compile.xml
	report for mastermind#mastermind_2.11;1.0 runtime produced in C:\Users\Mark\IdeaProjects\SDP-Exercises\cw-two\target\resolution-cache\reports\mastermind-mastermind_2.11-runtime.xml
	report for mastermind#mastermind_2.11;1.0 test produced in C:\Users\Mark\IdeaProjects\SDP-Exercises\cw-two\target\resolution-cache\reports\mastermind-mastermind_2.11-test.xml
	report for mastermind#mastermind_2.11;1.0 provided produced in C:\Users\Mark\IdeaProjects\SDP-Exercises\cw-two\target\resolution-cache\reports\mastermind-mastermind_2.11-provided.xml
	report for mastermind#mastermind_2.11;1.0 optional produced in C:\Users\Mark\IdeaProjects\SDP-Exercises\cw-two\target\resolution-cache\reports\mastermind-mastermind_2.11-optional.xml
	report for mastermind#mastermind_2.11;1.0 compile-internal produced in C:\Users\Mark\IdeaProjects\SDP-Exercises\cw-two\target\resolution-cache\reports\mastermind-mastermind_2.11-compile-internal.xml
	report for mastermind#mastermind_2.11;1.0 runtime-internal produced in C:\Users\Mark\IdeaProjects\SDP-Exercises\cw-two\target\resolution-cache\reports\mastermind-mastermind_2.11-runtime-internal.xml
	report for mastermind#mastermind_2.11;1.0 test-internal produced in C:\Users\Mark\IdeaProjects\SDP-Exercises\cw-two\target\resolution-cache\reports\mastermind-mastermind_2.11-test-internal.xml
	report for mastermind#mastermind_2.11;1.0 plugin produced in C:\Users\Mark\IdeaProjects\SDP-Exercises\cw-two\target\resolution-cache\reports\mastermind-mastermind_2.11-plugin.xml
	report for mastermind#mastermind_2.11;1.0 sources produced in C:\Users\Mark\IdeaProjects\SDP-Exercises\cw-two\target\resolution-cache\reports\mastermind-mastermind_2.11-sources.xml
	report for mastermind#mastermind_2.11;1.0 docs produced in C:\Users\Mark\IdeaProjects\SDP-Exercises\cw-two\target\resolution-cache\reports\mastermind-mastermind_2.11-docs.xml
	report for mastermind#mastermind_2.11;1.0 pom produced in C:\Users\Mark\IdeaProjects\SDP-Exercises\cw-two\target\resolution-cache\reports\mastermind-mastermind_2.11-pom.xml
	report for mastermind#mastermind_2.11;1.0 scala-tool produced in C:\Users\Mark\IdeaProjects\SDP-Exercises\cw-two\target\resolution-cache\reports\mastermind-mastermind_2.11-scala-tool.xml
	resolve done (483ms resolve - 23ms download)
Read from stdout: Done updating.
Done updating.

Initial source changes: 
	removed:Set()
	added: Set()
	modified: Set()
Removed products: Set()
External API changes: API Changes: Set()
Modified binary dependencies: Set()
Initial directly invalidated sources: Set()

Sources indirectly invalidated by:
	product: Set()
	binary dep: Set()
	external source: Set()
All initially invalidated sources: Set()

Total time: 1 s, completed 13-Mar-2016 16:17:57
> server-post-command-cleanup
> server-handle-next-server-request
> {file:/C:/Users/Mark/IdeaProjects/SDP-Exercises/cw-two/}cw-two/compile:mainClass
Evaluating tasks: compile:mainClass
Running task... Cancel: sbt.server.ServerTaskCancellation@2b7d1060, check cycles: false

Initial source changes: 
	removed:Set()
	added: Set()
	modified: Set()
Removed products: Set()
External API changes: API Changes: Set()
Modified binary dependencies: Set()
Initial directly invalidated sources: Set()

Sources indirectly invalidated by:
	product: Set()
	binary dep: Set()
	external source: Set()
All initially invalidated sources: Set()

Total time: 0 s, completed 13-Mar-2016 16:17:57
> server-post-command-cleanup
> server-handle-next-server-request
> {file:/C:/Users/Mark/IdeaProjects/SDP-Exercises/cw-two/}cw-two/compile:discoveredMainClasses
Evaluating tasks: compile:discoveredMainClasses
Running task... Cancel: sbt.server.ServerTaskCancellation@55346a64, check cycles: false

Initial source changes: 
	removed:Set()
	added: Set()
	modified: Set()
Removed products: Set()
External API changes: API Changes: Set()
Modified binary dependencies: Set()
Initial directly invalidated sources: Set()

Sources indirectly invalidated by:
	product: Set()
	binary dep: Set()
	external source: Set()
All initially invalidated sources: Set()

Total time: 0 s, completed 13-Mar-2016 16:17:57
> server-post-command-cleanup
> server-handle-next-server-request
> {file:/C:/Users/Mark/IdeaProjects/SDP-Exercises/cw-two/}cw-two/compile:mainClass
Evaluating tasks: compile:mainClass
Running task... Cancel: sbt.server.ServerTaskCancellation@72b0b7b2, check cycles: false

Initial source changes: 
	removed:Set()
	added: Set()
	modified: Set()
Removed products: Set()
External API changes: API Changes: Set()
Modified binary dependencies: Set()
Initial directly invalidated sources: Set()

Sources indirectly invalidated by:
	product: Set()
	binary dep: Set()
	external source: Set()
All initially invalidated sources: Set()

Total time: 0 s, completed 13-Mar-2016 16:17:58
> server-post-command-cleanup
> server-handle-next-server-request
