New log file opened at Sun Mar 13 17:40:51 GMT 2016 by 4468@markspc
jvm 4468@markspc
jvm vmName=Java HotSpot(TM) 64-Bit Server VM vmVendor=Oracle Corporation vmVersion=25.60-b23
jvm specName=Java Virtual Machine Specification specVendor=Oracle Corporation specVersion=1.8
jvm arguments: [-Xms256m, -Xmx1024m, -XX:MetaspaceSize=64m, -XX:MaxMetaspaceSize=256m]
Starting event engine
Starting sbt command engine
Waiting for sbt command engine
Command engine arguments=List()
Command engine baseDirectory=C:\Users\Mark\IdeaProjects\SDP-Exercises\cw-two
Command engine initial remaining commands List(--initialize, onFailure load-failed, boot, server-send-ready-for-request, server-handle-next-server-request)
> --initialize
> initialize
> onFailure load-failed
> boot
> reload
[Loading] Scanning directory C:\Users\Mark\IdeaProjects\SDP-Exercises\cw-two\project
[Loading] Found non-root projects 
[Loading] Done in C:\Users\Mark\IdeaProjects\SDP-Exercises\cw-two\project, returning: ()
deducing auto plugins based on known facts Set(Atom(sbt.plugins.CorePlugin)) and clauses Clauses(List(Clause(Atom(sbt.plugins.JvmPlugin),Set(Atom(sbt.plugins.IvyPlugin))), Clause(Atom(sbt.plugins.JUnitXmlReportPlugin),Set(Atom(sbt.plugins.JvmPlugin))), Clause(Atom(sbt.plugins.CorePlugin),Set(Atom(sbt.plugins.IvyPlugin))), Clause(Atom(sbt.plugins.IvyPlugin),Set(Atom(sbt.plugins.JvmPlugin))), Clause(Atom(sbt.plugins.JvmPlugin),Set(Atom(sbt.plugins.JUnitXmlReportPlugin)))))
  :: deduced result: Matched(sbt.plugins.CorePlugin,sbt.plugins.IvyPlugin,sbt.plugins.JvmPlugin,sbt.plugins.JUnitXmlReportPlugin)
sorting: ns: List(sbt.plugins.CorePlugin, sbt.plugins.IvyPlugin, sbt.plugins.JvmPlugin, sbt.plugins.JUnitXmlReportPlugin)
  :: sorting:: found: List(sbt.plugins.CorePlugin) not found List(sbt.plugins.IvyPlugin, sbt.plugins.JvmPlugin, sbt.plugins.JUnitXmlReportPlugin)
  :: sorting:: found: List(sbt.plugins.CorePlugin, sbt.plugins.IvyPlugin) not found List(sbt.plugins.JvmPlugin, sbt.plugins.JUnitXmlReportPlugin)
  :: sorting:: found: List(sbt.plugins.CorePlugin, sbt.plugins.IvyPlugin, sbt.plugins.JvmPlugin) not found List(sbt.plugins.JUnitXmlReportPlugin)
  :: sorting:: found: List(sbt.plugins.CorePlugin, sbt.plugins.IvyPlugin, sbt.plugins.JvmPlugin, sbt.plugins.JUnitXmlReportPlugin) not found List()
  :: sorted deduced result: List(sbt.plugins.CorePlugin, sbt.plugins.IvyPlugin, sbt.plugins.JvmPlugin, sbt.plugins.JUnitXmlReportPlugin)
[Loading] Done in C:\Users\Mark\IdeaProjects\SDP-Exercises\cw-two\project, returning: (cw-two-build)
Loading project definition from C:\Users\Mark\IdeaProjects\SDP-Exercises\cw-two\project
Running task... Cancel: sbt.TaskCancellationStrategy$Null$@7390d87, check cycles: false

Initial source changes: 
	removed:Set()
	added: Set()
	modified: Set()
Removed products: Set()
External API changes: API Changes: Set()
Modified binary dependencies: Set()
Initial directly invalidated sources: Set()

Sources indirectly invalidated by:
	product: Set()
	binary dep: Set()
	external source: Set()
All initially invalidated sources: Set()

Copy resource mappings: 
	
[Loading] Scanning directory C:\Users\Mark\IdeaProjects\SDP-Exercises\cw-two
[Loading] Found non-root projects 
[Loading] Done in C:\Users\Mark\IdeaProjects\SDP-Exercises\cw-two, returning: ()
deducing auto plugins based on known facts Set(Atom(sbt.plugins.CorePlugin)) and clauses Clauses(List(Clause(Atom(sbt.plugins.JvmPlugin),Set(Atom(sbt.plugins.IvyPlugin))), Clause(Atom(sbt.plugins.JUnitXmlReportPlugin),Set(Atom(sbt.plugins.JvmPlugin))), Clause(Atom(sbt.plugins.BackgroundRunPlugin),Set(Atom(sbt.plugins.JvmPlugin))), Clause(Atom(sbt.plugins.CorePlugin),Set(Atom(sbt.plugins.IvyPlugin))), Clause(Atom(sbt.plugins.IvyPlugin),Set(Atom(sbt.plugins.JvmPlugin))), Clause(Atom(sbt.plugins.JvmPlugin),Set(Atom(sbt.plugins.JUnitXmlReportPlugin))), Clause(Atom(sbt.plugins.JvmPlugin),Set(Atom(sbt.plugins.BackgroundRunPlugin))), Clause(Atom(sbt.plugins.CorePlugin),Set(Atom(sbt.plugins.InteractionServicePlugin))), Clause(Atom(sbt.plugins.CorePlugin),Set(Atom(sbt.plugins.SendEventServicePlugin))), Clause(Atom(sbt.plugins.CorePlugin),Set(Atom(sbt.plugins.SerializersPlugin)))))
  :: deduced result: Matched(sbt.plugins.CorePlugin,sbt.plugins.SerializersPlugin,sbt.plugins.SendEventServicePlugin,sbt.plugins.InteractionServicePlugin,sbt.plugins.IvyPlugin,sbt.plugins.JvmPlugin,sbt.plugins.BackgroundRunPlugin,sbt.plugins.JUnitXmlReportPlugin)
sorting: ns: List(sbt.plugins.CorePlugin, sbt.plugins.SerializersPlugin, sbt.plugins.SendEventServicePlugin, sbt.plugins.InteractionServicePlugin, sbt.plugins.IvyPlugin, sbt.plugins.JvmPlugin, sbt.plugins.BackgroundRunPlugin, sbt.plugins.JUnitXmlReportPlugin)
  :: sorting:: found: List(sbt.plugins.CorePlugin) not found List(sbt.plugins.SerializersPlugin, sbt.plugins.SendEventServicePlugin, sbt.plugins.InteractionServicePlugin, sbt.plugins.IvyPlugin, sbt.plugins.JvmPlugin, sbt.plugins.BackgroundRunPlugin, sbt.plugins.JUnitXmlReportPlugin)
  :: sorting:: found: List(sbt.plugins.CorePlugin, sbt.plugins.SerializersPlugin, sbt.plugins.SendEventServicePlugin, sbt.plugins.InteractionServicePlugin, sbt.plugins.IvyPlugin) not found List(sbt.plugins.JvmPlugin, sbt.plugins.BackgroundRunPlugin, sbt.plugins.JUnitXmlReportPlugin)
  :: sorting:: found: List(sbt.plugins.CorePlugin, sbt.plugins.SerializersPlugin, sbt.plugins.SendEventServicePlugin, sbt.plugins.InteractionServicePlugin, sbt.plugins.IvyPlugin, sbt.plugins.JvmPlugin) not found List(sbt.plugins.BackgroundRunPlugin, sbt.plugins.JUnitXmlReportPlugin)
  :: sorting:: found: List(sbt.plugins.CorePlugin, sbt.plugins.SerializersPlugin, sbt.plugins.SendEventServicePlugin, sbt.plugins.InteractionServicePlugin, sbt.plugins.IvyPlugin, sbt.plugins.JvmPlugin, sbt.plugins.BackgroundRunPlugin, sbt.plugins.JUnitXmlReportPlugin) not found List()
  :: sorted deduced result: List(sbt.plugins.CorePlugin, sbt.plugins.SerializersPlugin, sbt.plugins.SendEventServicePlugin, sbt.plugins.InteractionServicePlugin, sbt.plugins.IvyPlugin, sbt.plugins.JvmPlugin, sbt.plugins.BackgroundRunPlugin, sbt.plugins.JUnitXmlReportPlugin)
[Loading] Done in C:\Users\Mark\IdeaProjects\SDP-Exercises\cw-two, returning: (cw-two)
Set current project to mastermind (in build file:/C:/Users/Mark/IdeaProjects/SDP-Exercises/cw-two/)
Reapplying settings...
Set current project to mastermind (in build file:/C:/Users/Mark/IdeaProjects/SDP-Exercises/cw-two/)
> iflast shell
> server-send-ready-for-request
> server-handle-next-server-request
> {file:/C:/Users/Mark/IdeaProjects/SDP-Exercises/cw-two/}cw-two/compile:discoveredMainClasses
Evaluating tasks: compile:discoveredMainClasses
Running task... Cancel: sbt.server.ServerTaskCancellation@9f7b1a7, check cycles: false
Read from stdout: Updating {file:/C:/Users/Mark/IdeaProjects/SDP-Exercises/cw-two/}cw-two...
Updating {file:/C:/Users/Mark/IdeaProjects/SDP-Exercises/cw-two/}cw-two...
Other repositories:
Default repositories:
Using inline dependencies specified in Scala.
:: resolving dependencies :: mastermind#mastermind_2.11;1.0
	confs: [compile, runtime, test, provided, optional, compile-internal, runtime-internal, test-internal, plugin, sources, docs, pom, scala-tool]
	validate = true
	refresh = false
resolving dependencies for configuration 'compile'
== resolving dependencies for mastermind#mastermind_2.11;1.0 [compile]
== resolving dependencies mastermind#mastermind_2.11;1.0->org.scala-lang#scala-library;2.11.7 [compile->default(compile)]
Read from stdout: Resolving org.scala-lang#scala-library;2.11.7 ...
Resolving org.scala-lang#scala-library;2.11.7 ...
sbt-chain: Checking cache for: sbt.ivyint.MergedDescriptors@e6ac8df
sbt-chain: module revision found in cache: org.scala-lang#scala-library;2.11.7
	found org.scala-lang#scala-library;2.11.7 in sbt-chain
	[2.11.7] org.scala-lang#scala-library;2.11.7
== resolving dependencies mastermind#mastermind_2.11;1.0->org.scala-lang#scala-library;2.11.7 [compile->runtime]
== resolving dependencies mastermind#mastermind_2.11;1.0->org.scala-lang#scala-library;2.11.7 [compile->compile]
== resolving dependencies mastermind#mastermind_2.11;1.0->org.scala-lang#scala-library;2.11.7 [compile->master]
resolving dependencies for configuration 'runtime'
== resolving dependencies for mastermind#mastermind_2.11;1.0 [runtime]
== resolving dependencies for mastermind#mastermind_2.11;1.0 [compile]
== resolving dependencies mastermind#mastermind_2.11;1.0->org.scala-lang#scala-library;2.11.7 [compile->default(compile)]
== resolving dependencies mastermind#mastermind_2.11;1.0->org.scala-lang#scala-library;2.11.7 [compile->runtime]
== resolving dependencies mastermind#mastermind_2.11;1.0->org.scala-lang#scala-library;2.11.7 [compile->compile]
== resolving dependencies mastermind#mastermind_2.11;1.0->org.scala-lang#scala-library;2.11.7 [compile->master]
resolving dependencies for configuration 'test'
== resolving dependencies for mastermind#mastermind_2.11;1.0 [test]
== resolving dependencies for mastermind#mastermind_2.11;1.0 [runtime]
== resolving dependencies for mastermind#mastermind_2.11;1.0 [compile]
== resolving dependencies mastermind#mastermind_2.11;1.0->org.scala-lang#scala-library;2.11.7 [compile->default(compile)]
== resolving dependencies mastermind#mastermind_2.11;1.0->org.scala-lang#scala-library;2.11.7 [compile->runtime]
== resolving dependencies mastermind#mastermind_2.11;1.0->org.scala-lang#scala-library;2.11.7 [compile->compile]
== resolving dependencies mastermind#mastermind_2.11;1.0->org.scala-lang#scala-library;2.11.7 [compile->master]
== resolving dependencies mastermind#mastermind_2.11;1.0->org.scalatest#scalatest_2.11;2.2.6 [test->default(compile)]
Read from stdout: Resolving org.scalatest#scalatest_2.11;2.2.6 ...
Resolving org.scalatest#scalatest_2.11;2.2.6 ...
sbt-chain: Checking cache for: dependency: org.scalatest#scalatest_2.11;2.2.6 {test=[default(compile)]}
sbt-chain: module revision found in cache: org.scalatest#scalatest_2.11;2.2.6
	found org.scalatest#scalatest_2.11;2.2.6 in sbt-chain
== resolving dependencies mastermind#mastermind_2.11;1.0->org.scalatest#scalatest_2.11;2.2.6 [test->runtime]
== resolving dependencies mastermind#mastermind_2.11;1.0->org.scalatest#scalatest_2.11;2.2.6 [test->compile]
== resolving dependencies org.scalatest#scalatest_2.11;2.2.6->org.scala-lang#scala-library;2.11.7 [compile->master(compile)]
== resolving dependencies org.scalatest#scalatest_2.11;2.2.6->org.scala-lang#scala-library;2.11.7 [compile->compile(*)]
== resolving dependencies org.scalatest#scalatest_2.11;2.2.6->org.scala-lang#scala-library;2.11.7 [compile->runtime(*)]
== resolving dependencies org.scalatest#scalatest_2.11;2.2.6->org.scala-lang#scala-library;2.11.7 [compile->compile]
== resolving dependencies org.scalatest#scalatest_2.11;2.2.6->org.scala-lang#scala-reflect;2.11.7 [compile->master(compile)]
Read from stdout: Resolving org.scala-lang#scala-reflect;2.11.7 ...
Resolving org.scala-lang#scala-reflect;2.11.7 ...
sbt-chain: Checking cache for: dependency: org.scala-lang#scala-reflect;2.11.7 {compile=[compile(*), master(compile)], runtime=[runtime(*)]}
sbt-chain: module revision found in cache: org.scala-lang#scala-reflect;2.11.7
	found org.scala-lang#scala-reflect;2.11.7 in sbt-chain
	[2.11.7] org.scala-lang#scala-reflect;2.11.7
== resolving dependencies org.scalatest#scalatest_2.11;2.2.6->org.scala-lang#scala-reflect;2.11.7 [compile->compile(*)]
== resolving dependencies org.scala-lang#scala-reflect;2.11.7->org.scala-lang#scala-library;2.11.7 [compile->master(compile)]
== resolving dependencies org.scala-lang#scala-reflect;2.11.7->org.scala-lang#scala-library;2.11.7 [compile->compile(*)]
== resolving dependencies org.scalatest#scalatest_2.11;2.2.6->org.scala-lang#scala-reflect;2.11.7 [compile->runtime(*)]
== resolving dependencies org.scalatest#scalatest_2.11;2.2.6->org.scala-lang#scala-reflect;2.11.7 [compile->compile]
== resolving dependencies org.scala-lang#scala-reflect;2.11.7->org.scala-lang#scala-library;2.11.7 [runtime->runtime(*)]
== resolving dependencies org.scala-lang#scala-reflect;2.11.7->org.scala-lang#scala-library;2.11.7 [runtime->compile]
== resolving dependencies org.scalatest#scalatest_2.11;2.2.6->org.scala-lang.modules#scala-xml_2.11;1.0.2 [compile->master(compile)]
Read from stdout: Resolving org.scala-lang.modules#scala-xml_2.11;1.0.2 ...
Resolving org.scala-lang.modules#scala-xml_2.11;1.0.2 ...
sbt-chain: Checking cache for: dependency: org.scala-lang.modules#scala-xml_2.11;1.0.2 {compile=[compile(*), master(compile)], runtime=[runtime(*)]}
sbt-chain: module revision found in cache: org.scala-lang.modules#scala-xml_2.11;1.0.2
	found org.scala-lang.modules#scala-xml_2.11;1.0.2 in sbt-chain
== resolving dependencies org.scalatest#scalatest_2.11;2.2.6->org.scala-lang.modules#scala-xml_2.11;1.0.2 [compile->compile(*)]
== resolving dependencies org.scala-lang.modules#scala-xml_2.11;1.0.2->org.scala-lang#scala-library;2.11.1 [compile->master(compile)]
== resolving dependencies org.scala-lang.modules#scala-xml_2.11;1.0.2->org.scala-lang#scala-library;2.11.7 [compile->master(compile)]
== resolving dependencies org.scala-lang.modules#scala-xml_2.11;1.0.2->org.scala-lang#scala-library;2.11.1 [compile->compile(*)]
== resolving dependencies org.scala-lang.modules#scala-xml_2.11;1.0.2->org.scala-lang#scala-library;2.11.7 [compile->compile(*)]
== resolving dependencies org.scalatest#scalatest_2.11;2.2.6->org.scala-lang.modules#scala-xml_2.11;1.0.2 [compile->runtime(*)]
== resolving dependencies org.scalatest#scalatest_2.11;2.2.6->org.scala-lang.modules#scala-xml_2.11;1.0.2 [compile->compile]
== resolving dependencies org.scala-lang.modules#scala-xml_2.11;1.0.2->org.scala-lang#scala-library;2.11.1 [runtime->runtime(*)]
== resolving dependencies org.scala-lang.modules#scala-xml_2.11;1.0.2->org.scala-lang#scala-library;2.11.7 [runtime->runtime(*)]
== resolving dependencies org.scala-lang.modules#scala-xml_2.11;1.0.2->org.scala-lang#scala-library;2.11.7 [runtime->compile]
== resolving dependencies org.scalatest#scalatest_2.11;2.2.6->org.scala-lang#scala-library;2.11.7 [runtime->runtime(*)]
== resolving dependencies org.scalatest#scalatest_2.11;2.2.6->org.scala-lang#scala-library;2.11.7 [runtime->compile]
== resolving dependencies org.scalatest#scalatest_2.11;2.2.6->org.scala-lang#scala-reflect;2.11.7 [runtime->runtime(*)]
== resolving dependencies org.scalatest#scalatest_2.11;2.2.6->org.scala-lang#scala-reflect;2.11.7 [runtime->compile]
== resolving dependencies org.scalatest#scalatest_2.11;2.2.6->org.scala-lang.modules#scala-xml_2.11;1.0.2 [runtime->runtime(*)]
== resolving dependencies org.scalatest#scalatest_2.11;2.2.6->org.scala-lang.modules#scala-xml_2.11;1.0.2 [runtime->compile]
== resolving dependencies mastermind#mastermind_2.11;1.0->org.scalatest#scalatest_2.11;2.2.6 [test->master]
resolving dependencies for configuration 'provided'
== resolving dependencies for mastermind#mastermind_2.11;1.0 [provided]
resolving dependencies for configuration 'optional'
== resolving dependencies for mastermind#mastermind_2.11;1.0 [optional]
resolving dependencies for configuration 'compile-internal'
== resolving dependencies for mastermind#mastermind_2.11;1.0 [compile-internal]
== resolving dependencies for mastermind#mastermind_2.11;1.0 [compile]
== resolving dependencies mastermind#mastermind_2.11;1.0->org.scala-lang#scala-library;2.11.7 [compile->default(compile)]
== resolving dependencies mastermind#mastermind_2.11;1.0->org.scala-lang#scala-library;2.11.7 [compile->runtime]
== resolving dependencies mastermind#mastermind_2.11;1.0->org.scala-lang#scala-library;2.11.7 [compile->compile]
== resolving dependencies mastermind#mastermind_2.11;1.0->org.scala-lang#scala-library;2.11.7 [compile->master]
== resolving dependencies for mastermind#mastermind_2.11;1.0 [optional]
== resolving dependencies for mastermind#mastermind_2.11;1.0 [provided]
resolving dependencies for configuration 'runtime-internal'
== resolving dependencies for mastermind#mastermind_2.11;1.0 [runtime-internal]
== resolving dependencies for mastermind#mastermind_2.11;1.0 [runtime]
== resolving dependencies for mastermind#mastermind_2.11;1.0 [compile]
== resolving dependencies mastermind#mastermind_2.11;1.0->org.scala-lang#scala-library;2.11.7 [compile->default(compile)]
== resolving dependencies mastermind#mastermind_2.11;1.0->org.scala-lang#scala-library;2.11.7 [compile->runtime]
== resolving dependencies mastermind#mastermind_2.11;1.0->org.scala-lang#scala-library;2.11.7 [compile->compile]
== resolving dependencies mastermind#mastermind_2.11;1.0->org.scala-lang#scala-library;2.11.7 [compile->master]
== resolving dependencies for mastermind#mastermind_2.11;1.0 [optional]
resolving dependencies for configuration 'test-internal'
== resolving dependencies for mastermind#mastermind_2.11;1.0 [test-internal]
== resolving dependencies for mastermind#mastermind_2.11;1.0 [test]
== resolving dependencies for mastermind#mastermind_2.11;1.0 [runtime]
== resolving dependencies for mastermind#mastermind_2.11;1.0 [compile]
== resolving dependencies mastermind#mastermind_2.11;1.0->org.scala-lang#scala-library;2.11.7 [compile->default(compile)]
== resolving dependencies mastermind#mastermind_2.11;1.0->org.scala-lang#scala-library;2.11.7 [compile->runtime]
== resolving dependencies mastermind#mastermind_2.11;1.0->org.scala-lang#scala-library;2.11.7 [compile->compile]
== resolving dependencies mastermind#mastermind_2.11;1.0->org.scala-lang#scala-library;2.11.7 [compile->master]
== resolving dependencies mastermind#mastermind_2.11;1.0->org.scalatest#scalatest_2.11;2.2.6 [test->default(compile)]
== resolving dependencies mastermind#mastermind_2.11;1.0->org.scalatest#scalatest_2.11;2.2.6 [test->runtime]
== resolving dependencies mastermind#mastermind_2.11;1.0->org.scalatest#scalatest_2.11;2.2.6 [test->compile]
== resolving dependencies org.scalatest#scalatest_2.11;2.2.6->org.scala-lang#scala-library;2.11.7 [compile->master(compile)]
== resolving dependencies org.scalatest#scalatest_2.11;2.2.6->org.scala-lang#scala-library;2.11.7 [compile->compile(*)]
== resolving dependencies org.scalatest#scalatest_2.11;2.2.6->org.scala-lang#scala-reflect;2.11.7 [compile->master(compile)]
== resolving dependencies org.scalatest#scalatest_2.11;2.2.6->org.scala-lang#scala-reflect;2.11.7 [compile->compile(*)]
== resolving dependencies org.scala-lang#scala-reflect;2.11.7->org.scala-lang#scala-library;2.11.7 [compile->master(compile)]
== resolving dependencies org.scala-lang#scala-reflect;2.11.7->org.scala-lang#scala-library;2.11.7 [compile->compile(*)]
== resolving dependencies org.scalatest#scalatest_2.11;2.2.6->org.scala-lang.modules#scala-xml_2.11;1.0.2 [compile->master(compile)]
== resolving dependencies org.scalatest#scalatest_2.11;2.2.6->org.scala-lang.modules#scala-xml_2.11;1.0.2 [compile->compile(*)]
== resolving dependencies org.scala-lang.modules#scala-xml_2.11;1.0.2->org.scala-lang#scala-library;2.11.1 [compile->master(compile)]
== resolving dependencies org.scala-lang.modules#scala-xml_2.11;1.0.2->org.scala-lang#scala-library;2.11.7 [compile->master(compile)]
== resolving dependencies org.scala-lang.modules#scala-xml_2.11;1.0.2->org.scala-lang#scala-library;2.11.1 [compile->compile(*)]
== resolving dependencies org.scala-lang.modules#scala-xml_2.11;1.0.2->org.scala-lang#scala-library;2.11.7 [compile->compile(*)]
== resolving dependencies org.scalatest#scalatest_2.11;2.2.6->org.scala-lang#scala-library;2.11.7 [runtime->runtime(*)]
== resolving dependencies org.scalatest#scalatest_2.11;2.2.6->org.scala-lang#scala-library;2.11.7 [runtime->compile]
== resolving dependencies org.scalatest#scalatest_2.11;2.2.6->org.scala-lang#scala-reflect;2.11.7 [runtime->runtime(*)]
== resolving dependencies org.scalatest#scalatest_2.11;2.2.6->org.scala-lang#scala-reflect;2.11.7 [runtime->compile]
== resolving dependencies org.scala-lang#scala-reflect;2.11.7->org.scala-lang#scala-library;2.11.7 [runtime->runtime(*)]
== resolving dependencies org.scala-lang#scala-reflect;2.11.7->org.scala-lang#scala-library;2.11.7 [runtime->compile]
== resolving dependencies org.scalatest#scalatest_2.11;2.2.6->org.scala-lang.modules#scala-xml_2.11;1.0.2 [runtime->runtime(*)]
== resolving dependencies org.scalatest#scalatest_2.11;2.2.6->org.scala-lang.modules#scala-xml_2.11;1.0.2 [runtime->compile]
== resolving dependencies org.scala-lang.modules#scala-xml_2.11;1.0.2->org.scala-lang#scala-library;2.11.1 [runtime->runtime(*)]
== resolving dependencies org.scala-lang.modules#scala-xml_2.11;1.0.2->org.scala-lang#scala-library;2.11.7 [runtime->runtime(*)]
== resolving dependencies org.scala-lang.modules#scala-xml_2.11;1.0.2->org.scala-lang#scala-library;2.11.7 [runtime->compile]
== resolving dependencies mastermind#mastermind_2.11;1.0->org.scalatest#scalatest_2.11;2.2.6 [test->master]
== resolving dependencies for mastermind#mastermind_2.11;1.0 [optional]
== resolving dependencies for mastermind#mastermind_2.11;1.0 [provided]
resolving dependencies for configuration 'plugin'
== resolving dependencies for mastermind#mastermind_2.11;1.0 [plugin]
resolving dependencies for configuration 'sources'
== resolving dependencies for mastermind#mastermind_2.11;1.0 [sources]
resolving dependencies for configuration 'docs'
== resolving dependencies for mastermind#mastermind_2.11;1.0 [docs]
resolving dependencies for configuration 'pom'
== resolving dependencies for mastermind#mastermind_2.11;1.0 [pom]
resolving dependencies for configuration 'scala-tool'
== resolving dependencies for mastermind#mastermind_2.11;1.0 [scala-tool]
== resolving dependencies mastermind#mastermind_2.11;1.0->org.scala-lang#scala-compiler;2.11.7 [scala-tool->default]
Read from stdout: Resolving org.scala-lang#scala-compiler;2.11.7 ...
Resolving org.scala-lang#scala-compiler;2.11.7 ...
sbt-chain: Checking cache for: dependency: org.scala-lang#scala-compiler;2.11.7 {scala-tool=[default, optional(default)]}
sbt-chain: module revision found in cache: org.scala-lang#scala-compiler;2.11.7
	found org.scala-lang#scala-compiler;2.11.7 in sbt-chain
== resolving dependencies mastermind#mastermind_2.11;1.0->org.scala-lang#scala-compiler;2.11.7 [scala-tool->runtime]
== resolving dependencies mastermind#mastermind_2.11;1.0->org.scala-lang#scala-compiler;2.11.7 [scala-tool->compile]
== resolving dependencies org.scala-lang#scala-compiler;2.11.7->org.scala-lang#scala-library;2.11.7 [compile->master(compile)]
== resolving dependencies org.scala-lang#scala-compiler;2.11.7->org.scala-lang#scala-library;2.11.7 [compile->compile(*)]
== resolving dependencies org.scala-lang#scala-compiler;2.11.7->org.scala-lang#scala-library;2.11.7 [compile->default]
== resolving dependencies org.scala-lang#scala-compiler;2.11.7->org.scala-lang#scala-library;2.11.7 [compile->runtime]
== resolving dependencies org.scala-lang#scala-compiler;2.11.7->org.scala-lang#scala-library;2.11.7 [compile->compile]
== resolving dependencies org.scala-lang#scala-compiler;2.11.7->org.scala-lang#scala-library;2.11.7 [compile->master]
== resolving dependencies org.scala-lang#scala-compiler;2.11.7->org.scala-lang#scala-library;2.11.7 [compile->optional(default)]
== resolving dependencies org.scala-lang#scala-compiler;2.11.7->org.scala-lang#scala-reflect;2.11.7 [compile->master(compile)]
== resolving dependencies org.scala-lang#scala-compiler;2.11.7->org.scala-lang#scala-reflect;2.11.7 [compile->compile(*)]
== resolving dependencies org.scala-lang#scala-reflect;2.11.7->org.scala-lang#scala-library;2.11.7 [compile->master(compile)]
== resolving dependencies org.scala-lang#scala-reflect;2.11.7->org.scala-lang#scala-library;2.11.7 [compile->compile(*)]
== resolving dependencies org.scala-lang#scala-compiler;2.11.7->org.scala-lang.modules#scala-xml_2.11;1.0.4 [compile->master(compile)]
Read from stdout: Resolving org.scala-lang.modules#scala-xml_2.11;1.0.4 ...
Resolving org.scala-lang.modules#scala-xml_2.11;1.0.4 ...
sbt-chain: Checking cache for: dependency: org.scala-lang.modules#scala-xml_2.11;1.0.4 {compile=[compile(*), master(compile)], runtime=[runtime(*)]}
sbt-chain: module revision found in cache: org.scala-lang.modules#scala-xml_2.11;1.0.4
	found org.scala-lang.modules#scala-xml_2.11;1.0.4 in sbt-chain
== resolving dependencies org.scala-lang#scala-compiler;2.11.7->org.scala-lang.modules#scala-xml_2.11;1.0.4 [compile->compile(*)]
== resolving dependencies org.scala-lang.modules#scala-xml_2.11;1.0.4->org.scala-lang#scala-library;2.11.4 [compile->master(compile)]
== resolving dependencies org.scala-lang.modules#scala-xml_2.11;1.0.4->org.scala-lang#scala-library;2.11.7 [compile->master(compile)]
== resolving dependencies org.scala-lang.modules#scala-xml_2.11;1.0.4->org.scala-lang#scala-library;2.11.4 [compile->compile(*)]
== resolving dependencies org.scala-lang.modules#scala-xml_2.11;1.0.4->org.scala-lang#scala-library;2.11.7 [compile->compile(*)]
== resolving dependencies org.scala-lang#scala-compiler;2.11.7->org.scala-lang.modules#scala-xml_2.11;1.0.4 [compile->runtime(*)]
== resolving dependencies org.scala-lang#scala-compiler;2.11.7->org.scala-lang.modules#scala-xml_2.11;1.0.4 [compile->compile]
== resolving dependencies org.scala-lang.modules#scala-xml_2.11;1.0.4->org.scala-lang#scala-library;2.11.4 [runtime->runtime(*)]
== resolving dependencies org.scala-lang.modules#scala-xml_2.11;1.0.4->org.scala-lang#scala-library;2.11.7 [runtime->runtime(*)]
== resolving dependencies org.scala-lang.modules#scala-xml_2.11;1.0.4->org.scala-lang#scala-library;2.11.7 [runtime->compile]
== resolving dependencies org.scala-lang#scala-compiler;2.11.7->org.scala-lang.modules#scala-parser-combinators_2.11;1.0.4 [compile->master(compile)]
Read from stdout: Resolving org.scala-lang.modules#scala-parser-combinators_2.11;1.0.4 ...
Resolving org.scala-lang.modules#scala-parser-combinators_2.11;1.0.4 ...
sbt-chain: Checking cache for: dependency: org.scala-lang.modules#scala-parser-combinators_2.11;1.0.4 {compile=[compile(*), master(compile)], runtime=[runtime(*)]}
sbt-chain: module revision found in cache: org.scala-lang.modules#scala-parser-combinators_2.11;1.0.4
	found org.scala-lang.modules#scala-parser-combinators_2.11;1.0.4 in sbt-chain
== resolving dependencies org.scala-lang#scala-compiler;2.11.7->org.scala-lang.modules#scala-parser-combinators_2.11;1.0.4 [compile->compile(*)]
== resolving dependencies org.scala-lang.modules#scala-parser-combinators_2.11;1.0.4->org.scala-lang#scala-library;2.11.6 [compile->master(compile)]
== resolving dependencies org.scala-lang.modules#scala-parser-combinators_2.11;1.0.4->org.scala-lang#scala-library;2.11.7 [compile->master(compile)]
== resolving dependencies org.scala-lang.modules#scala-parser-combinators_2.11;1.0.4->org.scala-lang#scala-library;2.11.6 [compile->compile(*)]
== resolving dependencies org.scala-lang.modules#scala-parser-combinators_2.11;1.0.4->org.scala-lang#scala-library;2.11.7 [compile->compile(*)]
== resolving dependencies org.scala-lang#scala-compiler;2.11.7->org.scala-lang.modules#scala-parser-combinators_2.11;1.0.4 [compile->runtime(*)]
== resolving dependencies org.scala-lang#scala-compiler;2.11.7->org.scala-lang.modules#scala-parser-combinators_2.11;1.0.4 [compile->compile]
== resolving dependencies org.scala-lang.modules#scala-parser-combinators_2.11;1.0.4->org.scala-lang#scala-library;2.11.6 [runtime->runtime(*)]
== resolving dependencies org.scala-lang.modules#scala-parser-combinators_2.11;1.0.4->org.scala-lang#scala-library;2.11.7 [runtime->runtime(*)]
== resolving dependencies org.scala-lang.modules#scala-parser-combinators_2.11;1.0.4->org.scala-lang#scala-library;2.11.7 [runtime->compile]
== resolving dependencies org.scala-lang#scala-compiler;2.11.7->org.scala-lang#scala-library;2.11.7 [runtime->runtime(*)]
== resolving dependencies org.scala-lang#scala-compiler;2.11.7->org.scala-lang#scala-library;2.11.7 [runtime->compile]
== resolving dependencies org.scala-lang#scala-compiler;2.11.7->org.scala-lang#scala-reflect;2.11.7 [runtime->runtime(*)]
== resolving dependencies org.scala-lang#scala-compiler;2.11.7->org.scala-lang#scala-reflect;2.11.7 [runtime->compile]
== resolving dependencies org.scala-lang#scala-reflect;2.11.7->org.scala-lang#scala-library;2.11.7 [runtime->runtime(*)]
== resolving dependencies org.scala-lang#scala-reflect;2.11.7->org.scala-lang#scala-library;2.11.7 [runtime->compile]
== resolving dependencies org.scala-lang#scala-compiler;2.11.7->org.scala-lang.modules#scala-xml_2.11;1.0.4 [runtime->runtime(*)]
== resolving dependencies org.scala-lang#scala-compiler;2.11.7->org.scala-lang.modules#scala-xml_2.11;1.0.4 [runtime->compile]
== resolving dependencies org.scala-lang#scala-compiler;2.11.7->org.scala-lang.modules#scala-parser-combinators_2.11;1.0.4 [runtime->runtime(*)]
== resolving dependencies org.scala-lang#scala-compiler;2.11.7->org.scala-lang.modules#scala-parser-combinators_2.11;1.0.4 [runtime->compile]
== resolving dependencies mastermind#mastermind_2.11;1.0->org.scala-lang#scala-compiler;2.11.7 [scala-tool->master]
== resolving dependencies mastermind#mastermind_2.11;1.0->org.scala-lang#scala-compiler;2.11.7 [scala-tool->optional(default)]
== resolving dependencies org.scala-lang#scala-compiler;2.11.7->jline#jline;2.12.1 [optional->master(compile)]
Read from stdout: Resolving jline#jline;2.12.1 ...
Resolving jline#jline;2.12.1 ...
sbt-chain: Checking cache for: dependency: jline#jline;2.12.1 {optional=[compile(*), master(compile)]}
sbt-chain: module revision found in cache: jline#jline;2.12.1
	found jline#jline;2.12.1 in sbt-chain
== resolving dependencies org.scala-lang#scala-compiler;2.11.7->jline#jline;2.12.1 [optional->compile(*)]
== resolving dependencies mastermind#mastermind_2.11;1.0->org.scala-lang#scala-library;2.11.7 [scala-tool->default]
== resolving dependencies mastermind#mastermind_2.11;1.0->org.scala-lang#scala-library;2.11.7 [scala-tool->runtime]
== resolving dependencies mastermind#mastermind_2.11;1.0->org.scala-lang#scala-library;2.11.7 [scala-tool->compile]
== resolving dependencies mastermind#mastermind_2.11;1.0->org.scala-lang#scala-library;2.11.7 [scala-tool->master]
== resolving dependencies mastermind#mastermind_2.11;1.0->org.scala-lang#scala-library;2.11.7 [scala-tool->optional(default)]
	resolved ivy file produced in cache
:: downloading artifacts ::
	[NOT REQUIRED] org.scala-lang#scala-library;2.11.7!scala-library.jar
	[NOT REQUIRED] org.scalatest#scalatest_2.11;2.2.6!scalatest_2.11.jar(bundle)
	[NOT REQUIRED] org.scala-lang#scala-reflect;2.11.7!scala-reflect.jar
	[NOT REQUIRED] org.scala-lang.modules#scala-xml_2.11;1.0.2!scala-xml_2.11.jar(bundle)
	[NOT REQUIRED] org.scala-lang#scala-compiler;2.11.7!scala-compiler.jar
	[NOT REQUIRED] org.scala-lang.modules#scala-xml_2.11;1.0.4!scala-xml_2.11.jar(bundle)
	[NOT REQUIRED] org.scala-lang.modules#scala-parser-combinators_2.11;1.0.4!scala-parser-combinators_2.11.jar(bundle)
	[NOT REQUIRED] jline#jline;2.12.1!jline.jar
:: resolution report :: resolve 673ms :: artifacts dl 21ms
	report for mastermind#mastermind_2.11;1.0 compile produced in C:\Users\Mark\IdeaProjects\SDP-Exercises\cw-two\target\resolution-cache\reports\mastermind-mastermind_2.11-compile.xml
	report for mastermind#mastermind_2.11;1.0 runtime produced in C:\Users\Mark\IdeaProjects\SDP-Exercises\cw-two\target\resolution-cache\reports\mastermind-mastermind_2.11-runtime.xml
	report for mastermind#mastermind_2.11;1.0 test produced in C:\Users\Mark\IdeaProjects\SDP-Exercises\cw-two\target\resolution-cache\reports\mastermind-mastermind_2.11-test.xml
	report for mastermind#mastermind_2.11;1.0 provided produced in C:\Users\Mark\IdeaProjects\SDP-Exercises\cw-two\target\resolution-cache\reports\mastermind-mastermind_2.11-provided.xml
	report for mastermind#mastermind_2.11;1.0 optional produced in C:\Users\Mark\IdeaProjects\SDP-Exercises\cw-two\target\resolution-cache\reports\mastermind-mastermind_2.11-optional.xml
	report for mastermind#mastermind_2.11;1.0 compile-internal produced in C:\Users\Mark\IdeaProjects\SDP-Exercises\cw-two\target\resolution-cache\reports\mastermind-mastermind_2.11-compile-internal.xml
	report for mastermind#mastermind_2.11;1.0 runtime-internal produced in C:\Users\Mark\IdeaProjects\SDP-Exercises\cw-two\target\resolution-cache\reports\mastermind-mastermind_2.11-runtime-internal.xml
	report for mastermind#mastermind_2.11;1.0 test-internal produced in C:\Users\Mark\IdeaProjects\SDP-Exercises\cw-two\target\resolution-cache\reports\mastermind-mastermind_2.11-test-internal.xml
	report for mastermind#mastermind_2.11;1.0 plugin produced in C:\Users\Mark\IdeaProjects\SDP-Exercises\cw-two\target\resolution-cache\reports\mastermind-mastermind_2.11-plugin.xml
	report for mastermind#mastermind_2.11;1.0 sources produced in C:\Users\Mark\IdeaProjects\SDP-Exercises\cw-two\target\resolution-cache\reports\mastermind-mastermind_2.11-sources.xml
	report for mastermind#mastermind_2.11;1.0 docs produced in C:\Users\Mark\IdeaProjects\SDP-Exercises\cw-two\target\resolution-cache\reports\mastermind-mastermind_2.11-docs.xml
	report for mastermind#mastermind_2.11;1.0 pom produced in C:\Users\Mark\IdeaProjects\SDP-Exercises\cw-two\target\resolution-cache\reports\mastermind-mastermind_2.11-pom.xml
	report for mastermind#mastermind_2.11;1.0 scala-tool produced in C:\Users\Mark\IdeaProjects\SDP-Exercises\cw-two\target\resolution-cache\reports\mastermind-mastermind_2.11-scala-tool.xml
	resolve done (673ms resolve - 21ms download)
Read from stdout: Done updating.
Done updating.

Initial source changes: 
	removed:Set()
	added: Set()
	modified: Set(C:\Users\Mark\IdeaProjects\SDP-Exercises\cw-two\src\main\scala\PegBuilder.scala)
Removed products: Set()
External API changes: API Changes: Set()
Modified binary dependencies: Set()
Initial directly invalidated sources: Set(C:\Users\Mark\IdeaProjects\SDP-Exercises\cw-two\src\main\scala\PegBuilder.scala)

Sources indirectly invalidated by:
	product: Set()
	binary dep: Set()
	external source: Set()
All initially invalidated sources: Set(C:\Users\Mark\IdeaProjects\SDP-Exercises\cw-two\src\main\scala\PegBuilder.scala)

Read from stdout: Compiling 1 Scala source to C:\Users\Mark\IdeaProjects\SDP-Exercises\cw-two\target\scala-2.11\classes...
Compiling 1 Scala source to C:\Users\Mark\IdeaProjects\SDP-Exercises\cw-two\target\scala-2.11\classes...
Getting compiler-interface from component compiler for Scala 2.11.7
Other repositories:
Default repositories:
Getting compiler-interface from component compiler for Scala 2.11.7
Other repositories:
Default repositories:
Running cached compiler 7af84c46, interfacing (CompilerInterface) with Scala compiler version 2.11.7
Calling Scala compiler with arguments  (CompilerInterface):
	-bootclasspath
	C:\Program Files\Java\jdk1.8.0_60\jre\lib\resources.jar;C:\Program Files\Java\jdk1.8.0_60\jre\lib\rt.jar;C:\Program Files\Java\jdk1.8.0_60\jre\lib\sunrsasign.jar;C:\Program Files\Java\jdk1.8.0_60\jre\lib\jsse.jar;C:\Program Files\Java\jdk1.8.0_60\jre\lib\jce.jar;C:\Program Files\Java\jdk1.8.0_60\jre\lib\charsets.jar;C:\Program Files\Java\jdk1.8.0_60\jre\lib\jfr.jar;C:\Program Files\Java\jdk1.8.0_60\jre\classes;C:\Users\Mark\.ivy2\cache\org.scala-lang\scala-library\jars\scala-library-2.11.7.jar
	-classpath
	C:\Users\Mark\IdeaProjects\SDP-Exercises\cw-two\target\scala-2.11\classes
Scala compilation took 3.249186602 s
Invalidating C:\Users\Mark\IdeaProjects\SDP-Exercises\cw-two\src\main\scala\PegBuilder.scala...
Invalidating (transitively) by inheritance from C:\Users\Mark\IdeaProjects\SDP-Exercises\cw-two\src\main\scala\PegBuilder.scala...
Initial set of included nodes: Set(C:\Users\Mark\IdeaProjects\SDP-Exercises\cw-two\src\main\scala\PegBuilder.scala)
Invalidated by transitive inheritance dependency: Set(C:\Users\Mark\IdeaProjects\SDP-Exercises\cw-two\src\main\scala\PegBuilder.scala)
The C:\Users\Mark\IdeaProjects\SDP-Exercises\cw-two\src\main\scala\PegBuilder.scala source file has the following regular definitions changed:
	apply.
All member reference dependencies will be considered within this context.
New invalidations:
	Set()
Initial set of included nodes: Set()
Previously invalidated, but (transitively) depend on new invalidations:
	Set()
All newly invalidated sources after taking into account (previously) recompiled sources:Set()
Total time: 5 s, completed 13-Mar-2016 17:41:07
> server-post-command-cleanup
> server-handle-next-server-request
> {file:/C:/Users/Mark/IdeaProjects/SDP-Exercises/cw-two/}cw-two/compile:mainClass
Evaluating tasks: compile:mainClass
Running task... Cancel: sbt.server.ServerTaskCancellation@546b854b, check cycles: false

Initial source changes: 
	removed:Set()
	added: Set()
	modified: Set()
Removed products: Set()
External API changes: API Changes: Set()
Modified binary dependencies: Set()
Initial directly invalidated sources: Set()

Sources indirectly invalidated by:
	product: Set()
	binary dep: Set()
	external source: Set()
All initially invalidated sources: Set()

Total time: 0 s, completed 13-Mar-2016 17:41:07
> server-post-command-cleanup
> server-handle-next-server-request
> compile
Evaluating tasks: compile:compile
Running task... Cancel: sbt.server.ServerTaskCancellation@66781ac6, check cycles: false

Initial source changes: 
	removed:Set()
	added: Set()
	modified: Set()
Removed products: Set()
External API changes: API Changes: Set()
Modified binary dependencies: Set()
Initial directly invalidated sources: Set()

Sources indirectly invalidated by:
	product: Set()
	binary dep: Set()
	external source: Set()
All initially invalidated sources: Set()

Total time: 0 s, completed 13-Mar-2016 17:41:07
> server-post-command-cleanup
> server-handle-next-server-request
> {file:/C:/Users/Mark/IdeaProjects/SDP-Exercises/cw-two/}cw-two/compile:discoveredMainClasses
Evaluating tasks: compile:discoveredMainClasses
Running task... Cancel: sbt.server.ServerTaskCancellation@2556f045, check cycles: false

Canceling execution...
Task java.util.concurrent.ExecutorCompletionService$QueueingFuture@1aa44785 rejected from java.util.concurrent.ThreadPoolExecutor@1af0f3c[Terminated, pool size = 0, active threads = 0, queued tasks = 0, completed tasks = 0]
java.util.concurrent.RejectedExecutionException: Task java.util.concurrent.ExecutorCompletionService$QueueingFuture@1aa44785 rejected from java.util.concurrent.ThreadPoolExecutor@1af0f3c[Terminated, pool size = 0, active threads = 0, queued tasks = 0, completed tasks = 0]
Use 'last' for the full log.
> server-post-command-error-handler
> server-post-command-cleanup
> server-handle-next-server-request
> {file:/C:/Users/Mark/IdeaProjects/SDP-Exercises/cw-two/}cw-two/compile:mainClass
Evaluating tasks: compile:mainClass
Running task... Cancel: sbt.server.ServerTaskCancellation@69debb9d, check cycles: false

Canceling execution...
Task java.util.concurrent.ExecutorCompletionService$QueueingFuture@9964b26 rejected from java.util.concurrent.ThreadPoolExecutor@75d92749[Terminated, pool size = 0, active threads = 0, queued tasks = 0, completed tasks = 0]
java.util.concurrent.RejectedExecutionException: Task java.util.concurrent.ExecutorCompletionService$QueueingFuture@9964b26 rejected from java.util.concurrent.ThreadPoolExecutor@75d92749[Terminated, pool size = 0, active threads = 0, queued tasks = 0, completed tasks = 0]
Use 'last' for the full log.
> server-post-command-error-handler
> server-post-command-cleanup
> server-handle-next-server-request
> backgroundRunMain com.example.Hello
Evaluating tasks: compile:backgroundRunMain
Running task... Cancel: sbt.server.ServerTaskCancellation@5ce1acf4, check cycles: false
registered more than once? streams-manager
registered more than once? streams-manager
Use 'last' for the full log.
> server-post-command-error-handler
> server-post-command-cleanup
> server-handle-next-server-request
> test
Evaluating tasks: test:test
Running task... Cancel: sbt.server.ServerTaskCancellation@19fdef07, check cycles: false
registered more than once? state
registered more than once? state
Use 'last' for the full log.
> server-post-command-error-handler
> server-post-command-cleanup
> server-handle-next-server-request
> {file:/C:/Users/Mark/IdeaProjects/SDP-Exercises/cw-two/}cw-two/compile:discoveredMainClasses
Evaluating tasks: compile:discoveredMainClasses
Running task... Cancel: sbt.server.ServerTaskCancellation@597bb84d, check cycles: false
registered more than once? Task((triggeredBy: List(Task((taskDefinitionKey: ScopedKey(Scope(Select(ProjectRef(file:/C:/Users/Mark/IdeaProjects/SDP-Exercises/cw-two/,cw-two)),Select(ConfigKey(compile)),Global,Global),compile)))), taskDefinitionKey: ScopedKey(Scope(Select(ProjectRef(file:/C:/Users/Mark/IdeaProjects/SDP-Exercises/cw-two/,cw-two)),Select(ConfigKey(compile)),Global,Global),discoveredMainClasses)))
registered more than once? Task((triggeredBy: List(Task((taskDefinitionKey: ScopedKey(Scope(Select(ProjectRef(file:/C:/Users/Mark/IdeaProjects/SDP-Exercises/cw-two/,cw-two)),Select(ConfigKey(compile)),Global,Global),compile)))), taskDefinitionKey: ScopedKey(Scope(Select(ProjectRef(file:/C:/Users/Mark/IdeaProjects/SDP-Exercises/cw-two/,cw-two)),Select(ConfigKey(compile)),Global,Global),discoveredMainClasses)))
Use 'last' for the full log.
> server-post-command-error-handler
> server-post-command-cleanup
> server-handle-next-server-request
> {file:/C:/Users/Mark/IdeaProjects/SDP-Exercises/cw-two/}cw-two/compile:mainClass
Evaluating tasks: compile:mainClass
Running task... Cancel: sbt.server.ServerTaskCancellation@29781321, check cycles: false
registered more than once? Task((taskDefinitionKey: ScopedKey(Scope(Select(ProjectRef(file:/C:/Users/Mark/IdeaProjects/SDP-Exercises/cw-two/,cw-two)),Select(ConfigKey(compile)),Global,Global),mainClass)))
registered more than once? Task((taskDefinitionKey: ScopedKey(Scope(Select(ProjectRef(file:/C:/Users/Mark/IdeaProjects/SDP-Exercises/cw-two/,cw-two)),Select(ConfigKey(compile)),Global,Global),mainClass)))
Use 'last' for the full log.
> server-post-command-error-handler
> server-post-command-cleanup
> server-handle-next-server-request
Done executing sbt server engine, result Right(Exit(0))
Closing listening server socket
Waiting for socket thread
Waiting for request processor thread
Waiting for command engine result
Returning control to sbt launcher with result Exit(0)
Closing the 4468@markspc logs at Sun Mar 13 17:45:18 GMT 2016, goodbye.
